[debug] [2022-12-27T22:25:49.344Z] ----------------------------------------------------------------------
[debug] [2022-12-27T22:25:49.345Z] Command:       C:\Program Files\nodejs\node.exe C:\Users\owais\AppData\Roaming\npm\node_modules\firebase-tools\lib\bin\firebase.js init
[debug] [2022-12-27T22:25:49.345Z] CLI Version:   11.19.0
[debug] [2022-12-27T22:25:49.346Z] Platform:      win32
[debug] [2022-12-27T22:25:49.346Z] Node Version:  v18.12.1
[debug] [2022-12-27T22:25:49.347Z] Time:          Wed Dec 28 2022 03:25:49 GMT+0500 (Pakistan Standard Time)
[debug] [2022-12-27T22:25:49.347Z] ----------------------------------------------------------------------
[debug] 
[debug] [2022-12-27T22:25:49.351Z] >>> [apiv2][query] GET https://firebase-public.firebaseio.com/cli.json [none]
[debug] [2022-12-27T22:25:49.389Z] > command requires scopes: ["email","openid","https://www.googleapis.com/auth/cloudplatformprojects.readonly","https://www.googleapis.com/auth/firebase","https://www.googleapis.com/auth/cloud-platform"]
[debug] [2022-12-27T22:25:49.389Z] > authorizing via signed-in user (owaisahmed142002@gmail.com)
[info] 
     ######## #### ########  ######## ########     ###     ######  ########
     ##        ##  ##     ## ##       ##     ##  ##   ##  ##       ##
     ######    ##  ########  ######   ########  #########  ######  ######
     ##        ##  ##    ##  ##       ##     ## ##     ##       ## ##
     ##       #### ##     ## ######## ########  ##     ##  ######  ########

You're about to initialize a Firebase project in this directory:

  C:\work\one-pager-mockup

Before we get started, keep in mind:

  * You are currently outside your home directory

[debug] [2022-12-27T22:25:49.906Z] <<< [apiv2][status] GET https://firebase-public.firebaseio.com/cli.json 200
[debug] [2022-12-27T22:25:49.907Z] <<< [apiv2][body] GET https://firebase-public.firebaseio.com/cli.json {"cloudBuildErrorAfter":1594252800000,"cloudBuildWarnAfter":1590019200000,"defaultNode10After":1594252800000,"minVersion":"3.0.5","node8DeploysDisabledAfter":1613390400000,"node8RuntimeDisabledAfter":1615809600000,"node8WarnAfter":1600128000000}
